<?xml version="1.0" encoding="UTF-8"?>
<testsuite xmlns:xsi="http://www.w3.org/2001/XMLSchema-instance" xsi:noNamespaceSchemaLocation="https://maven.apache.org/surefire/maven-surefire-plugin/xsd/surefire-test-report-3.0.xsd" version="3.0" name="Creating/deleting any note" time="428.706" tests="6" errors="2" skipped="0" failures="0">
  <properties>
[...]
</properties>
  <testcase name="user can create a new note" classname="Creating/deleting any note" time="86.562">
    <system-out><![CDATA[&amp#27;[32m&amp#27;[1m┌───────────────────────────────────────────────────────────────────────────────────┐&amp#27;[0m
&amp#27;[32m&amp#27;[1m│&amp#27;[0m Share your Cucumber Report with your team at &amp#27;[36m&amp#27;[1m&amp#27;[4mhttps://reports.cucumber.io&amp#27;[0m          &amp#27;[32m&amp#27;[1m│&amp#27;[0m
&amp#27;[32m&amp#27;[1m│&amp#27;[0m Activate publishing with one of the following:                                    &amp#27;[32m&amp#27;[1m│&amp#27;[0m
&amp#27;[32m&amp#27;[1m│&amp#27;[0m                                                                                   &amp#27;[32m&amp#27;[1m│&amp#27;[0m
&amp#27;[32m&amp#27;[1m│&amp#27;[0m src/test/resources/cucumber.properties:          &amp#27;[36mcucumber.publish.enabled&amp#27;[0m=&amp#27;[36mtrue&amp#27;[0m    &amp#27;[32m&amp#27;[1m│&amp#27;[0m
&amp#27;[32m&amp#27;[1m│&amp#27;[0m src/test/resources/junit-platform.properties:    &amp#27;[36mcucumber.publish.enabled&amp#27;[0m=&amp#27;[36mtrue&amp#27;[0m    &amp#27;[32m&amp#27;[1m│&amp#27;[0m
&amp#27;[32m&amp#27;[1m│&amp#27;[0m Environment variable:                            &amp#27;[36mCUCUMBER_PUBLISH_ENABLED&amp#27;[0m=&amp#27;[36mtrue&amp#27;[0m    &amp#27;[32m&amp#27;[1m│&amp#27;[0m
&amp#27;[32m&amp#27;[1m│&amp#27;[0m JUnit:                                           &amp#27;[36m@CucumberOptions&amp#27;[0m(publish = &amp#27;[36mtrue&amp#27;[0m) &amp#27;[32m&amp#27;[1m│&amp#27;[0m
&amp#27;[32m&amp#27;[1m│&amp#27;[0m                                                                                   &amp#27;[32m&amp#27;[1m│&amp#27;[0m
&amp#27;[32m&amp#27;[1m│&amp#27;[0m More information at &amp#27;[36mhttps://cucumber.io/docs/cucumber/environment-variables/&amp#27;[0m      &amp#27;[32m&amp#27;[1m│&amp#27;[0m
&amp#27;[32m&amp#27;[1m│&amp#27;[0m                                                                                   &amp#27;[32m&amp#27;[1m│&amp#27;[0m
&amp#27;[32m&amp#27;[1m│&amp#27;[0m Disable this message with one of the following:                                   &amp#27;[32m&amp#27;[1m│&amp#27;[0m
&amp#27;[32m&amp#27;[1m│&amp#27;[0m                                                                                   &amp#27;[32m&amp#27;[1m│&amp#27;[0m
&amp#27;[32m&amp#27;[1m│&amp#27;[0m src/test/resources/cucumber.properties:          &amp#27;[36mcucumber.publish.quiet&amp#27;[0m=&amp#27;[36mtrue&amp#27;[0m      &amp#27;[32m&amp#27;[1m│&amp#27;[0m
&amp#27;[32m&amp#27;[1m│&amp#27;[0m src/test/resources/junit-platform.properties:    &amp#27;[36mcucumber.publish.quiet&amp#27;[0m=&amp#27;[36mtrue&amp#27;[0m      &amp#27;[32m&amp#27;[1m│&amp#27;[0m
&amp#27;[32m&amp#27;[1m└───────────────────────────────────────────────────────────────────────────────────┘&amp#27;[0m

]]></system-out>
    <system-err><![CDATA[SLF4J: Failed to load class "org.slf4j.impl.StaticLoggerBinder".
SLF4J: Defaulting to no-operation (NOP) logger implementation
SLF4J: See http://www.slf4j.org/codes.html#StaticLoggerBinder for further details.
ERROR StatusLogger Log4j2 could not find a logging implementation. Please add log4j-core to the classpath. Using SimpleLogger to log to the console...
Starting ChromeDriver 107.0.5304.62 (1eec40d3a5764881c92085aaee66d25075c159aa-refs/branch-heads/5304@{#942}) on port 64135
Only local connections are allowed.
Please see https://chromedriver.chromium.org/security-considerations for suggestions on keeping ChromeDriver safe.
ChromeDriver was started successfully.
Nov 04, 2022 6:55:05 PM org.openqa.selenium.remote.ProtocolHandshake createSession
INFO: Detected dialect: W3C
Nov 04, 2022 6:55:06 PM org.openqa.selenium.devtools.CdpVersionFinder findNearestMatch
WARNING: Unable to find an exact match for CDP version 107, so returning the closest version found: a no-op implementation
Nov 04, 2022 6:55:06 PM org.openqa.selenium.devtools.CdpVersionFinder findNearestMatch
INFO: Unable to find CDP implementation matching 107.
Nov 04, 2022 6:55:06 PM org.openqa.selenium.chromium.ChromiumDriver lambda$new$3
WARNING: Unable to find version of CDP to use for . You may need to include a dependency on a specific version of the CDP using something similar to `org.seleniumhq.selenium:selenium-devtools-v86:4.1.2` where the version ("v86") matches the version of the chromium-based browser you're using and the version number of the artifact is the same as Selenium's.
]]></system-err>
  </testcase>
  <testcase name="User can add image as a note" classname="Creating/deleting any note" time="108.663">
    <system-err><![CDATA[Starting ChromeDriver 107.0.5304.62 (1eec40d3a5764881c92085aaee66d25075c159aa-refs/branch-heads/5304@{#942}) on port 58258
Only local connections are allowed.
Please see https://chromedriver.chromium.org/security-considerations for suggestions on keeping ChromeDriver safe.
ChromeDriver was started successfully.
Nov 04, 2022 6:56:25 PM org.openqa.selenium.remote.ProtocolHandshake createSession
INFO: Detected dialect: W3C
Nov 04, 2022 6:56:25 PM org.openqa.selenium.devtools.CdpVersionFinder findNearestMatch
WARNING: Unable to find an exact match for CDP version 107, so returning the closest version found: a no-op implementation
Nov 04, 2022 6:56:25 PM org.openqa.selenium.devtools.CdpVersionFinder findNearestMatch
INFO: Unable to find CDP implementation matching 107.
Nov 04, 2022 6:56:25 PM org.openqa.selenium.chromium.ChromiumDriver lambda$new$3
WARNING: Unable to find version of CDP to use for . You may need to include a dependency on a specific version of the CDP using something similar to `org.seleniumhq.selenium:selenium-devtools-v86:4.1.2` where the version ("v86") matches the version of the chromium-based browser you're using and the version number of the artifact is the same as Selenium's.
]]></system-err>
  </testcase>
  <testcase name="User can add any note to the favorites" classname="Creating/deleting any note" time="84.09">
    <system-out><![CDATA[notePage.favoritesSubModule.isDisplayed() = true
]]></system-out>
    <system-err><![CDATA[Starting ChromeDriver 107.0.5304.62 (1eec40d3a5764881c92085aaee66d25075c159aa-refs/branch-heads/5304@{#942}) on port 61875
Only local connections are allowed.
Please see https://chromedriver.chromium.org/security-considerations for suggestions on keeping ChromeDriver safe.
ChromeDriver was started successfully.
Nov 04, 2022 6:58:14 PM org.openqa.selenium.remote.ProtocolHandshake createSession
INFO: Detected dialect: W3C
Nov 04, 2022 6:58:14 PM org.openqa.selenium.devtools.CdpVersionFinder findNearestMatch
WARNING: Unable to find an exact match for CDP version 107, so returning the closest version found: a no-op implementation
Nov 04, 2022 6:58:14 PM org.openqa.selenium.devtools.CdpVersionFinder findNearestMatch
INFO: Unable to find CDP implementation matching 107.
Nov 04, 2022 6:58:14 PM org.openqa.selenium.chromium.ChromiumDriver lambda$new$3
WARNING: Unable to find version of CDP to use for . You may need to include a dependency on a specific version of the CDP using something similar to `org.seleniumhq.selenium:selenium-devtools-v86:4.1.2` where the version ("v86") matches the version of the chromium-based browser you're using and the version number of the artifact is the same as Selenium's.
]]></system-err>
  </testcase>
  <testcase name="User can see the number of letters and words that the note includes under the note title when clicked on the details of the note" classname="Creating/deleting any note" time="69.224">
    <system-out><![CDATA[notePage.numbersOfLetters.getText() = 1 word, 78 characters
]]></system-out>
    <system-err><![CDATA[Starting ChromeDriver 107.0.5304.62 (1eec40d3a5764881c92085aaee66d25075c159aa-refs/branch-heads/5304@{#942}) on port 60194
Only local connections are allowed.
Please see https://chromedriver.chromium.org/security-considerations for suggestions on keeping ChromeDriver safe.
ChromeDriver was started successfully.
Nov 04, 2022 6:59:38 PM org.openqa.selenium.remote.ProtocolHandshake createSession
INFO: Detected dialect: W3C
Nov 04, 2022 6:59:38 PM org.openqa.selenium.devtools.CdpVersionFinder findNearestMatch
WARNING: Unable to find an exact match for CDP version 107, so returning the closest version found: a no-op implementation
Nov 04, 2022 6:59:38 PM org.openqa.selenium.devtools.CdpVersionFinder findNearestMatch
INFO: Unable to find CDP implementation matching 107.
Nov 04, 2022 6:59:38 PM org.openqa.selenium.chromium.ChromiumDriver lambda$new$3
WARNING: Unable to find version of CDP to use for . You may need to include a dependency on a specific version of the CDP using something similar to `org.seleniumhq.selenium:selenium-devtools-v86:4.1.2` where the version ("v86") matches the version of the chromium-based browser you're using and the version number of the artifact is the same as Selenium's.
]]></system-err>
  </testcase>
  <testcase name="User can create a new category by passing a new category name from inside the notes details" classname="Creating/deleting any note" time="41.872">
    <error message="no such element: Unable to locate element: {&quot;method&quot;:&quot;css selector&quot;,&quot;selector&quot;:&quot;#category&quot;}&#10;  (Session info: chrome=107.0.5304.88)&#10;For documentation on this error, please visit: https://selenium.dev/exceptions/#no_such_element&#10;Build info: version: &apos;4.1.2&apos;, revision: &apos;9a5a329c5a&apos;&#10;System info: host: &apos;DESKTOP-RG95G3J&apos;, ip: &apos;192.168.1.5&apos;, os.name: &apos;Windows 10&apos;, os.arch: &apos;amd64&apos;, os.version: &apos;10.0&apos;, java.version: &apos;11.0.12&apos;&#10;Driver info: org.openqa.selenium.chrome.ChromeDriver&#10;Command: [9ceef63e065660b06d8d2787a603ca8e, findElement {using=id, value=category}]&#10;Capabilities {acceptInsecureCerts: false, browserName: chrome, browserVersion: 107.0.5304.88, chrome: {chromedriverVersion: 107.0.5304.62 (1eec40d3a576..., userDataDir: C:\Users\Acer\AppData\Local...}, goog:chromeOptions: {debuggerAddress: localhost:54529}, javascriptEnabled: true, networkConnectionEnabled: false, pageLoadStrategy: normal, platform: WINDOWS, platformName: WINDOWS, proxy: Proxy(), se:cdp: ws://localhost:54529/devtoo..., se:cdpVersion: 107.0.5304.88, setWindowRect: true, strictFileInteractability: false, timeouts: {implicit: 0, pageLoad: 300000, script: 30000}, unhandledPromptBehavior: dismiss and notify, webauthn:extension:credBlob: true, webauthn:extension:largeBlob: true, webauthn:virtualAuthenticators: true}&#10;Session ID: 9ceef63e065660b06d8d2787a603ca8e" type="org.openqa.selenium.NoSuchElementException"><![CDATA[org.openqa.selenium.NoSuchElementException: 
no such element: Unable to locate element: {"method":"css selector","selector":"#category"}
  (Session info: chrome=107.0.5304.88)
For documentation on this error, please visit: https://selenium.dev/exceptions/#no_such_element
Build info: version: '4.1.2', revision: '9a5a329c5a'
System info: host: 'DESKTOP-RG95G3J', ip: '192.168.1.5', os.name: 'Windows 10', os.arch: 'amd64', os.version: '10.0', java.version: '11.0.12'
Driver info: org.openqa.selenium.chrome.ChromeDriver
Command: [9ceef63e065660b06d8d2787a603ca8e, findElement {using=id, value=category}]
Capabilities {acceptInsecureCerts: false, browserName: chrome, browserVersion: 107.0.5304.88, chrome: {chromedriverVersion: 107.0.5304.62 (1eec40d3a576..., userDataDir: C:\Users\Acer\AppData\Local...}, goog:chromeOptions: {debuggerAddress: localhost:54529}, javascriptEnabled: true, networkConnectionEnabled: false, pageLoadStrategy: normal, platform: WINDOWS, platformName: WINDOWS, proxy: Proxy(), se:cdp: ws://localhost:54529/devtoo..., se:cdpVersion: 107.0.5304.88, setWindowRect: true, strictFileInteractability: false, timeouts: {implicit: 0, pageLoad: 300000, script: 30000}, unhandledPromptBehavior: dismiss and notify, webauthn:extension:credBlob: true, webauthn:extension:largeBlob: true, webauthn:virtualAuthenticators: true}
Session ID: 9ceef63e065660b06d8d2787a603ca8e
]]></error>
    <system-err><![CDATA[Starting ChromeDriver 107.0.5304.62 (1eec40d3a5764881c92085aaee66d25075c159aa-refs/branch-heads/5304@{#942}) on port 63966
Only local connections are allowed.
Please see https://chromedriver.chromium.org/security-considerations for suggestions on keeping ChromeDriver safe.
ChromeDriver was started successfully.
Nov 04, 2022 7:00:47 PM org.openqa.selenium.remote.ProtocolHandshake createSession
INFO: Detected dialect: W3C
Nov 04, 2022 7:00:47 PM org.openqa.selenium.devtools.CdpVersionFinder findNearestMatch
WARNING: Unable to find an exact match for CDP version 107, so returning the closest version found: a no-op implementation
Nov 04, 2022 7:00:47 PM org.openqa.selenium.devtools.CdpVersionFinder findNearestMatch
INFO: Unable to find CDP implementation matching 107.
Nov 04, 2022 7:00:47 PM org.openqa.selenium.chromium.ChromiumDriver lambda$new$3
WARNING: Unable to find version of CDP to use for . You may need to include a dependency on a specific version of the CDP using something similar to `org.seleniumhq.selenium:selenium-devtools-v86:4.1.2` where the version ("v86") matches the version of the chromium-based browser you're using and the version number of the artifact is the same as Selenium's.
]]></system-err>
  </testcase>
  <testcase name="User can delete any note" classname="Creating/deleting any note" time="38.287">
    <error message="no such element: Unable to locate element: {&quot;method&quot;:&quot;xpath&quot;,&quot;selector&quot;:&quot;(//button[contains(@aria-controls,&apos;menu-&apos;)])[3]&quot;}&#10;  (Session info: chrome=107.0.5304.88)&#10;For documentation on this error, please visit: https://selenium.dev/exceptions/#no_such_element&#10;Build info: version: &apos;4.1.2&apos;, revision: &apos;9a5a329c5a&apos;&#10;System info: host: &apos;DESKTOP-RG95G3J&apos;, ip: &apos;192.168.1.5&apos;, os.name: &apos;Windows 10&apos;, os.arch: &apos;amd64&apos;, os.version: &apos;10.0&apos;, java.version: &apos;11.0.12&apos;&#10;Driver info: org.openqa.selenium.chrome.ChromeDriver&#10;Command: [5dff973ccb3618016cde7cfa0fe39031, findElement {using=xpath, value=(//button[contains(@aria-controls,&apos;menu-&apos;)])[3]}]&#10;Capabilities {acceptInsecureCerts: false, browserName: chrome, browserVersion: 107.0.5304.88, chrome: {chromedriverVersion: 107.0.5304.62 (1eec40d3a576..., userDataDir: C:\Users\Acer\AppData\Local...}, goog:chromeOptions: {debuggerAddress: localhost:54556}, javascriptEnabled: true, networkConnectionEnabled: false, pageLoadStrategy: normal, platform: WINDOWS, platformName: WINDOWS, proxy: Proxy(), se:cdp: ws://localhost:54556/devtoo..., se:cdpVersion: 107.0.5304.88, setWindowRect: true, strictFileInteractability: false, timeouts: {implicit: 0, pageLoad: 300000, script: 30000}, unhandledPromptBehavior: dismiss and notify, webauthn:extension:credBlob: true, webauthn:extension:largeBlob: true, webauthn:virtualAuthenticators: true}&#10;Session ID: 5dff973ccb3618016cde7cfa0fe39031" type="org.openqa.selenium.NoSuchElementException"><![CDATA[org.openqa.selenium.NoSuchElementException: 
no such element: Unable to locate element: {"method":"xpath","selector":"(//button[contains(@aria-controls,'menu-')])[3]"}
  (Session info: chrome=107.0.5304.88)
For documentation on this error, please visit: https://selenium.dev/exceptions/#no_such_element
Build info: version: '4.1.2', revision: '9a5a329c5a'
System info: host: 'DESKTOP-RG95G3J', ip: '192.168.1.5', os.name: 'Windows 10', os.arch: 'amd64', os.version: '10.0', java.version: '11.0.12'
Driver info: org.openqa.selenium.chrome.ChromeDriver
Command: [5dff973ccb3618016cde7cfa0fe39031, findElement {using=xpath, value=(//button[contains(@aria-controls,'menu-')])[3]}]
Capabilities {acceptInsecureCerts: false, browserName: chrome, browserVersion: 107.0.5304.88, chrome: {chromedriverVersion: 107.0.5304.62 (1eec40d3a576..., userDataDir: C:\Users\Acer\AppData\Local...}, goog:chromeOptions: {debuggerAddress: localhost:54556}, javascriptEnabled: true, networkConnectionEnabled: false, pageLoadStrategy: normal, platform: WINDOWS, platformName: WINDOWS, proxy: Proxy(), se:cdp: ws://localhost:54556/devtoo..., se:cdpVersion: 107.0.5304.88, setWindowRect: true, strictFileInteractability: false, timeouts: {implicit: 0, pageLoad: 300000, script: 30000}, unhandledPromptBehavior: dismiss and notify, webauthn:extension:credBlob: true, webauthn:extension:largeBlob: true, webauthn:virtualAuthenticators: true}
Session ID: 5dff973ccb3618016cde7cfa0fe39031
]]></error>
    <system-err><![CDATA[Starting ChromeDriver 107.0.5304.62 (1eec40d3a5764881c92085aaee66d25075c159aa-refs/branch-heads/5304@{#942}) on port 58772
Only local connections are allowed.
Please see https://chromedriver.chromium.org/security-considerations for suggestions on keeping ChromeDriver safe.
ChromeDriver was started successfully.
Nov 04, 2022 7:01:29 PM org.openqa.selenium.remote.ProtocolHandshake createSession
INFO: Detected dialect: W3C
Nov 04, 2022 7:01:29 PM org.openqa.selenium.devtools.CdpVersionFinder findNearestMatch
WARNING: Unable to find an exact match for CDP version 107, so returning the closest version found: a no-op implementation
Nov 04, 2022 7:01:29 PM org.openqa.selenium.devtools.CdpVersionFinder findNearestMatch
INFO: Unable to find CDP implementation matching 107.
Nov 04, 2022 7:01:29 PM org.openqa.selenium.chromium.ChromiumDriver lambda$new$3
WARNING: Unable to find version of CDP to use for . You may need to include a dependency on a specific version of the CDP using something similar to `org.seleniumhq.selenium:selenium-devtools-v86:4.1.2` where the version ("v86") matches the version of the chromium-based browser you're using and the version number of the artifact is the same as Selenium's.
]]></system-err>
  </testcase>
</testsuite>